<?xml version="1.0" encoding="UTF-8"?>
<!-- Generated by org.testng.reporters.JUnitReportReporter -->
<testsuite skipped="0" hostname="BDC4B-D-9XWG882" name="com.tests.FileProg" tests="1" failures="0" timestamp="27 Jul 2018 07:37:33 GMT" time="0.568" errors="0">
  <testcase name="test" time="0.568" classname="com.tests.FileProg"/>
</testsuite> <!-- com.tests.FileProg -->
