<?xml version="1.0" encoding="UTF-8"?>
<!-- Generated by org.testng.reporters.JUnitReportReporter -->
<testsuite skipped="0" hostname="BDC4B-D-9XWG882" name="com.tests.NewTest3" tests="1" failures="0" timestamp="26 Jul 2018 09:58:55 GMT" time="51.304" errors="0">
  <testcase name="f" time="51.304" classname="com.tests.NewTest3"/>
</testsuite> <!-- com.tests.NewTest3 -->
