<?xml version="1.0" encoding="UTF-8"?>
<!-- Generated by org.testng.reporters.JUnitReportReporter -->
<testsuite skipped="0" hostname="BDC4B-D-9XWG882" name="com.tests.NewClass" tests="1" failures="0" timestamp="26 Jul 2018 07:56:35 GMT" time="22.456" errors="0">
  <testcase name="testMercuryTours" time="22.456" classname="com.tests.NewClass"/>
</testsuite> <!-- com.tests.NewClass -->
