<?xml version="1.0" encoding="UTF-8"?>
<!-- Generated by org.testng.reporters.JUnitReportReporter -->
<testsuite skipped="0" hostname="BDC4B-D-9XWG882" name="com.tests.NewTest1" tests="2" failures="0" timestamp="26 Jul 2018 06:46:21 GMT" time="0.028" errors="0">
  <testcase name="f" time="0.025" classname="com.tests.NewTest1"/>
  <testcase name="abc" time="0.003" classname="com.tests.NewTest1"/>
</testsuite> <!-- com.tests.NewTest1 -->
