<?xml version="1.0" encoding="UTF-8"?>
<!-- Generated by org.testng.reporters.JUnitReportReporter -->
<testsuite skipped="0" hostname="BDC4B-D-9XWG882" name="com.tests.ClickAction" tests="1" failures="0" timestamp="26 Jul 2018 11:00:04 GMT" time="33.348" errors="0">
  <testcase name="testClearTrip" time="33.348" classname="com.tests.ClickAction"/>
</testsuite> <!-- com.tests.ClickAction -->
